<?xml version="1.0" encoding="UTF-8" ?>
<testsuite tests="6" failures="0" name="org.zerock.controller.BoardDAOTest" time="0.523" errors="0" skipped="0">
  <properties>
[...]
</properties>
  <testcase classname="org.zerock.controller.BoardDAOTest" name="testDynamic1" time="0.419"/>
  <testcase classname="org.zerock.controller.BoardDAOTest" name="testURI" time="0.007"/>
  <testcase classname="org.zerock.controller.BoardDAOTest" name="testRead" time="0.012"/>
  <testcase classname="org.zerock.controller.BoardDAOTest" name="testURI2" time="0.006"/>
  <testcase classname="org.zerock.controller.BoardDAOTest" name="testListCriteria" time="0.041"/>
  <testcase classname="org.zerock.controller.BoardDAOTest" name="testListPage" time="0.038"/>
</testsuite>